<?xml version="1.0" encoding="UTF-8"?>
<!-- Generated by org.testng.reporters.JUnitReportReporter -->
<testsuite hostname="Hien.local" name="com.login.nopcommerce_login.Login_02_RegisterAndLogin_AbstractPage" tests="2" failures="0" timestamp="29 Sep 2020 09:47:02 GMT" time="13.641" errors="0">
  <testcase name="TC_01_RegisterToSystem" time="10.510" classname="com.login.nopcommerce_login.Login_02_RegisterAndLogin_AbstractPage"/>
  <testcase name="TC_02_LoginToSystem" time="3.131" classname="com.login.nopcommerce_login.Login_02_RegisterAndLogin_AbstractPage"/>
</testsuite> <!-- com.login.nopcommerce_login.Login_02_RegisterAndLogin_AbstractPage -->
